2019-05-20 16:25:21 DEBUG Main:12 - LA WEA FUNCO
2019-05-20 16:36:21 DEBUG Main:13 - LA WEA FUNCO
2019-05-20 16:36:25 ERROR Main:23 - PARAMETRO -carpeta_cdr INVALIDO
2019-05-20 17:53:18 INFO  Configuracion:18 - INICIANDO THREAD DE CONFIGURACIONES...
2019-05-20 17:53:18 INFO  Configuracion:18 - CARGANDO PARAMETROS...
2019-05-20 17:53:18 ERROR Configuracion:23 - ERROR AL CARGAR PARAMETROS java.io.FileNotFoundException: parametros.properties (El sistema no puede encontrar el archivo especificado)
2019-05-20 17:53:55 INFO  Configuracion:18 - INICIANDO THREAD DE CONFIGURACIONES...
2019-05-20 17:53:55 INFO  Configuracion:18 - CARGANDO PARAMETROS...
2019-05-20 17:53:55 ERROR Configuracion:23 - ERROR AL CARGAR PARAMETROS java.io.FileNotFoundException: parametros.properties (El sistema no puede encontrar el archivo especificado)
2019-05-20 17:54:17 INFO  Configuracion:18 - INICIANDO THREAD DE CONFIGURACIONES...
2019-05-20 17:54:17 INFO  Configuracion:18 - CARGANDO PARAMETROS...
2019-05-20 17:54:17 ERROR Configuracion:23 - ERROR AL CARGAR PARAMETROS java.io.FileNotFoundException: config.properties (El sistema no puede encontrar el archivo especificado)
2019-05-20 17:54:53 INFO  Configuracion:18 - INICIANDO THREAD DE CONFIGURACIONES...
2019-05-20 17:54:53 INFO  Configuracion:18 - CARGANDO PARAMETROS...
2019-05-20 17:54:53 ERROR Configuracion:23 - ERROR AL CARGAR PARAMETROS VERIFIQUE SI EL ARCHIVO config.properties ESTA EN LA CARPETA DE RECUSRSOS java.io.FileNotFoundException: config.properties (El sistema no puede encontrar el archivo especificado)
2019-05-20 17:56:49 INFO  Configuracion:18 - INICIANDO THREAD DE CONFIGURACIONES...
2019-05-20 17:56:49 INFO  Configuracion:18 - CARGANDO PARAMETROS...
2019-05-20 17:57:09 ERROR Configuracion:23 - ERROR EN HILO DE CONFIGURACIONES null
2019-05-20 17:57:22 INFO  Configuracion:18 - INICIANDO THREAD DE CONFIGURACIONES...
2019-05-20 17:57:22 INFO  Configuracion:18 - CARGANDO PARAMETROS...
2019-05-20 17:57:48 ERROR Configuracion:23 - ERROR EN HILO DE CONFIGURACIONES null
2019-05-20 17:58:19 INFO  Configuracion:18 - CARGANDO PARAMETROS...
2019-05-20 17:58:53 INFO  Configuracion:18 - INICIANDO THREAD DE CONFIGURACIONES...
2019-05-20 17:58:53 INFO  Configuracion:18 - CARGANDO PARAMETROS...
2019-05-20 18:00:41 INFO  Configuracion:18 - INICIANDO THREAD DE CONFIGURACIONES...
2019-05-20 18:00:41 INFO  Configuracion:18 - CARGANDO PARAMETROS...
2019-05-20 18:00:47 ERROR Configuracion:23 - ERROR GENERAL EN CARGAR PARAMETROS java.lang.NullPointerException
2019-05-20 18:01:03 INFO  Configuracion:18 - INICIANDO THREAD DE CONFIGURACIONES...
2019-05-20 18:01:03 INFO  Configuracion:18 - CARGANDO PARAMETROS...
2019-05-20 18:01:31 INFO  Configuracion:18 - INICIANDO THREAD DE CONFIGURACIONES...
2019-05-20 18:01:31 INFO  Configuracion:18 - CARGANDO PARAMETROS...
2019-05-20 18:01:31 ERROR Configuracion:23 - ERROR GENERAL EN CARGAR PARAMETROS java.lang.NullPointerException
2019-05-20 18:01:43 INFO  Configuracion:18 - INICIANDO THREAD DE CONFIGURACIONES...
2019-05-20 18:01:43 INFO  Configuracion:18 - CARGANDO PARAMETROS...
2019-05-20 18:04:50 INFO  Configuracion:18 - INICIANDO THREAD DE CONFIGURACIONES...
2019-05-20 18:04:50 INFO  Configuracion:18 - CARGANDO PARAMETROS...
2019-05-20 18:05:21 INFO  Configuracion:18 - INICIANDO THREAD DE CONFIGURACIONES...
2019-05-20 18:05:21 INFO  Configuracion:18 - CARGANDO PARAMETROS...
2019-05-20 18:05:46 INFO  Configuracion:18 - INICIANDO THREAD DE CONFIGURACIONES...
2019-05-20 18:05:46 INFO  Configuracion:18 - CARGANDO PARAMETROS...
2019-05-20 18:05:46 ERROR Configuracion:23 - ERROR GENERAL EN CARGAR PARAMETROS java.lang.NullPointerException
2019-05-20 18:05:55 INFO  Configuracion:18 - INICIANDO THREAD DE CONFIGURACIONES...
2019-05-20 18:05:55 INFO  Configuracion:18 - CARGANDO PARAMETROS...
2019-05-20 18:05:57 ERROR Configuracion:23 - ERROR GENERAL EN CARGAR PARAMETROS java.lang.NullPointerException
2019-05-20 18:06:25 INFO  Configuracion:18 - INICIANDO THREAD DE CONFIGURACIONES...
2019-05-20 18:06:25 INFO  Configuracion:18 - CARGANDO PARAMETROS...
2019-05-20 18:06:25 INFO  Configuracion:18 - PARAMETRO CARGADO: carpeta.cdr: CDR
2019-05-20 18:06:25 INFO  Configuracion:18 - PARAMETRO CARGADO: carpeta.respaldo: RESPALDO
2019-05-20 18:06:25 INFO  Configuracion:18 - PARAMETRO CARGADO: largo.anexo: 6
2019-05-20 18:06:25 INFO  Configuracion:18 - PARAMETRO CARGADO: respaldar.cdr: true
2019-05-20 18:06:25 INFO  Configuracion:18 - PARAMETRO CARGADO: basedato.ip: localhost
2019-05-20 18:06:25 INFO  Configuracion:18 - PARAMETRO CARGADO: basedato.ip: localhost
2019-05-20 18:06:25 INFO  Configuracion:18 - PARAMETRO CARGADO: basedato.puerto: 3306
2019-05-20 18:06:25 INFO  Configuracion:18 - PARAMETRO CARGADO: basedato.nombre: tarificador
2019-05-20 18:06:25 INFO  Configuracion:18 - PARAMETRO CARGADO: basedato.usuario: root
2019-05-20 18:06:25 INFO  Configuracion:18 - PARAMETRO CARGADO: basedato.clave: 
